<?xml version="1.0" encoding="UTF-8"?>
<!-- Generated by org.testng.reporters.JUnitReportReporter -->
<testsuite hostname="SUBHASIS" failures="0" tests="2" name="com.QTR.TestCase.logInPageTest" time="8.249" errors="0" timestamp="2021-12-20T12:30:15 IST" skipped="0">
  <testcase classname="com.QTR.TestCase.logInPageTest" name="validateWebTitle" time="0.211"/>
  <system-out/>
  <testcase classname="com.QTR.TestCase.logInPageTest" name="basePageNavigation" time="8.038"/>
  <system-out/>
</testsuite> <!-- com.QTR.TestCase.logInPageTest -->
