<?xml version="1.0" encoding="UTF-8"?>
<!-- Generated by org.testng.reporters.JUnitReportReporter -->
<testsuite hostname="SUBHASIS" failures="0" tests="1" name="Academy.validateNavigationBar" time="0.077" errors="0" timestamp="2021-12-19T23:22:58 IST" skipped="0">
  <testcase classname="Academy.validateNavigationBar" name="validateAppNavBar" time="0.077"/>
  <system-out/>
</testsuite> <!-- Academy.validateNavigationBar -->
