<?xml version="1.0" encoding="UTF-8"?>
<!-- Generated by org.testng.reporters.JUnitReportReporter -->
<testsuite hostname="SUBHASIS" failures="0" tests="1" name="Academy.testclass" time="46.080" errors="0" timestamp="2021-12-19T19:26:29 IST" skipped="0">
  <testcase classname="Academy.testclass" name="basePageNavigation" time="46.080"/>
  <system-out/>
</testsuite> <!-- Academy.testclass -->
