<?xml version="1.0" encoding="UTF-8"?>
<!-- Generated by org.testng.reporters.JUnitReportReporter -->
<testsuite hostname="SUBHASIS" failures="0" tests="1" name="Academy.HomePageTest" time="26.046" errors="0" timestamp="2021-12-20T00:30:29 IST" skipped="0">
  <testcase classname="Academy.HomePageTest" name="basePageNavigation" time="26.046"/>
  <system-out/>
</testsuite> <!-- Academy.HomePageTest -->
