<?xml version="1.0" encoding="UTF-8"?>
<!-- Generated by org.testng.reporters.JUnitReportReporter -->
<testsuite hostname="SUBHASIS" failures="0" tests="2" name="Academy.HomePage" time="0.011" errors="0" timestamp="2021-12-19T22:03:31 IST" skipped="0">
  <testcase classname="Academy.HomePage" name="basePageNavigation" time="0.009"/>
  <system-out/>
  <testcase classname="Academy.HomePage" name="basePageNavigation" time="0.002"/>
  <system-out/>
</testsuite> <!-- Academy.HomePage -->
