<?xml version="1.0" encoding="UTF-8"?>
<!-- Generated by org.testng.reporters.JUnitReportReporter -->
<testsuite hostname="SUBHASIS" failures="0" tests="1" name="com.QTR.TestCase.validateTitleTest" time="0.018" errors="0" timestamp="2021-12-20T12:38:45 IST" skipped="0">
  <testcase classname="com.QTR.TestCase.validateTitleTest" name="validateWebTitle" time="0.018"/>
  <system-out/>
</testsuite> <!-- com.QTR.TestCase.validateTitleTest -->
